2024-06-05 09:41:25,692 [INFO] Activator:176 - 


2024-06-05 09:41:25,702 [INFO] Activator:177 - !SESSION log4j initialized
2024-06-05 09:41:31,534 [ERROR] LogOutputStream:75 - [STDERR_REDIRECT] Warning: NLS unused message: ?????????????????????? in: org.eclipse.ui.views.markers.internal.messages
2024-06-05 09:41:35,449 [INFO] LogOutputStream:77 - [STDOUT_REDIRECT] 
2024-06-05 09:41:36,762 [ERROR] LogOutputStream:75 - [STDERR_REDIRECT] Warning: NLS unused message: ShowInNavigatorView_label in: org.eclipse.jdt.internal.ui.actions.ActionMessages
2024-06-05 09:41:36,771 [ERROR] LogOutputStream:75 - [STDERR_REDIRECT] Warning: NLS unused message: ShowInNavigatorView_dialog_title in: org.eclipse.jdt.internal.ui.actions.ActionMessages
2024-06-05 09:41:36,777 [ERROR] LogOutputStream:75 - [STDERR_REDIRECT] Warning: NLS unused message: ShowInNavigatorView_dialog_message in: org.eclipse.jdt.internal.ui.actions.ActionMessages
2024-06-05 09:41:36,784 [ERROR] LogOutputStream:75 - [STDERR_REDIRECT] Warning: NLS unused message: ShowInNavigatorView_error_activation_failed in: org.eclipse.jdt.internal.ui.actions.ActionMessages
2024-06-05 09:41:36,791 [ERROR] LogOutputStream:75 - [STDERR_REDIRECT] Warning: NLS unused message: OrganizeImportsAction_error_message in: org.eclipse.jdt.internal.ui.actions.ActionMessages
2024-06-05 09:41:38,713 [INFO] ApplicationProperties:184 - Using Application install path: D:\software\cubeide\STM32CubeIDE_1.15.1\STM32CubeIDE\plugins\com.st.stm32cube.common.mx_6.11.1.202404110753
2024-06-05 09:41:38,741 [INFO] DbMcusXml:78 - Set database path to: D:\software\cubeide\STM32CubeIDE_1.15.1\STM32CubeIDE\plugins\com.st.stm32cube.common.mx_6.11.1.202404110753\\db\/mcu/
2024-06-05 09:41:38,741 [INFO] ApiDb:274 - Set plugin database path to: D:\software\cubeide\STM32CubeIDE_1.15.1\STM32CubeIDE\plugins\com.st.stm32cube.common.mx_6.11.1.202404110753\\db\/plugins/boardmanager/
2024-06-05 09:41:38,741 [WARN] ApiDb:259 - Overriding images path with different value:  => D:\software\cubeide\STM32CubeIDE_1.15.1\STM32CubeIDE\plugins\com.st.stm32cube.common.mx_6.11.1.202404110753\\db\/plugins/mcufinder/images/
2024-06-05 09:41:38,755 [INFO] ApiDb:250 - Set database path to: C:\Users\23877\.stmcufinder\plugins\mcufinder//mcu/
2024-06-05 09:41:38,757 [INFO] DbMcusAds:125 - Set database path to: C:\Users\23877\.stmcufinder\plugins\mcufinder//mcu/
2024-06-05 09:41:38,760 [INFO] CrossReferenceDbSqlite:203 - Set database path to: C:\Users\23877\.stmcufinder\plugins\mcufinder//mcu/cs/
2024-06-05 09:41:38,933 [INFO] RulesReader:64 - Compatibility file has been processed (297 Rules)
2024-06-05 09:41:39,032 [INFO] DbMcusXml:78 - Set database path to: D:\software\cubeide\STM32CubeIDE_1.15.1\STM32CubeIDE\plugins\com.st.stm32cube.common.mx_6.11.1.202404110753\\db\/mcu/
2024-06-05 09:41:39,033 [INFO] ApiDb:274 - Set plugin database path to: D:\software\cubeide\STM32CubeIDE_1.15.1\STM32CubeIDE\plugins\com.st.stm32cube.common.mx_6.11.1.202404110753\\db\/plugins/boardmanager/
2024-06-05 09:41:39,033 [INFO] ApiDb:261 - Set plugin images path to: D:\software\cubeide\STM32CubeIDE_1.15.1\STM32CubeIDE\plugins\com.st.stm32cube.common.mx_6.11.1.202404110753\\db\/plugins/mcufinder/images/
2024-06-05 09:41:39,033 [WARN] DbFile:41 - Overriding database path with different value: C:\Users\23877\.stmcufinder\plugins\mcufinder/ => C:\Users\23877\.stmcufinder\plugins\mcufinder
2024-06-05 09:41:39,033 [INFO] ApiDb:250 - Set database path to: C:\Users\23877\.stmcufinder\plugins\mcufinder//mcu/
2024-06-05 09:41:39,033 [WARN] DbFile:41 - Overriding database path with different value: C:\Users\23877\.stmcufinder\plugins\mcufinder/ => C:\Users\23877\.stmcufinder\plugins\mcufinder
2024-06-05 09:41:39,034 [INFO] DbMcusAds:125 - Set database path to: C:\Users\23877\.stmcufinder\plugins\mcufinder//mcu/
2024-06-05 09:41:39,034 [WARN] DbFile:41 - Overriding database path with different value: C:\Users\23877\.stmcufinder\plugins\mcufinder/ => C:\Users\23877\.stmcufinder\plugins\mcufinder
2024-06-05 09:41:39,034 [WARN] DbFile:41 - Overriding database path with different value: C:\Users\23877\.stmcufinder\plugins\mcufinder/ => C:\Users\23877\.stmcufinder\plugins\mcufinder
2024-06-05 09:41:39,034 [INFO] CrossReferenceDbSqlite:203 - Set database path to: C:\Users\23877\.stmcufinder\plugins\mcufinder//mcu/cs/
2024-06-05 09:41:39,159 [INFO] MainPanel:264 - HeapMemory: 272629760
2024-06-05 09:41:39,298 [INFO] DbMcusXml:78 - Set database path to: D:\software\cubeide\STM32CubeIDE_1.15.1\STM32CubeIDE\plugins\com.st.stm32cube.common.mx_6.11.1.202404110753\\db\/mcu/
2024-06-05 09:41:39,298 [INFO] ApiDb:274 - Set plugin database path to: D:\software\cubeide\STM32CubeIDE_1.15.1\STM32CubeIDE\plugins\com.st.stm32cube.common.mx_6.11.1.202404110753\\db\/plugins/boardmanager/
2024-06-05 09:41:39,298 [INFO] ApiDb:261 - Set plugin images path to: D:\software\cubeide\STM32CubeIDE_1.15.1\STM32CubeIDE\plugins\com.st.stm32cube.common.mx_6.11.1.202404110753\\db\/plugins/mcufinder/images/
2024-06-05 09:41:39,298 [WARN] DbFile:41 - Overriding database path with different value: C:\Users\23877\.stmcufinder\plugins\mcufinder/ => C:\Users\23877\.stmcufinder\plugins\mcufinder
2024-06-05 09:41:39,299 [INFO] ApiDb:250 - Set database path to: C:\Users\23877\.stmcufinder\plugins\mcufinder//mcu/
2024-06-05 09:41:39,299 [WARN] DbFile:41 - Overriding database path with different value: C:\Users\23877\.stmcufinder\plugins\mcufinder/ => C:\Users\23877\.stmcufinder\plugins\mcufinder
2024-06-05 09:41:39,299 [INFO] DbMcusAds:125 - Set database path to: C:\Users\23877\.stmcufinder\plugins\mcufinder//mcu/
2024-06-05 09:41:39,299 [WARN] DbFile:41 - Overriding database path with different value: C:\Users\23877\.stmcufinder\plugins\mcufinder/ => C:\Users\23877\.stmcufinder\plugins\mcufinder
2024-06-05 09:41:39,299 [WARN] DbFile:41 - Overriding database path with different value: C:\Users\23877\.stmcufinder\plugins\mcufinder/ => C:\Users\23877\.stmcufinder\plugins\mcufinder
2024-06-05 09:41:39,299 [INFO] CrossReferenceDbSqlite:203 - Set database path to: C:\Users\23877\.stmcufinder\plugins\mcufinder//mcu/cs/
2024-06-05 09:41:39,325 [INFO] ApplicationProperties:184 - Using Application install path: D:\software\cubeide\STM32CubeIDE_1.15.1\STM32CubeIDE\plugins\com.st.stm32cube.common.mx_6.11.1.202404110753
2024-06-05 09:41:39,326 [INFO] PluginManage:196 - Search for loadable plugins [exclusion list=, ]
2024-06-05 09:41:39,329 [INFO] PluginManage:310 - Check plugin analytics
2024-06-05 09:41:39,620 [INFO] AnalyticsPlugin:253 - Accepted Software Licenses: 
2024-06-05 09:41:39,620 [INFO] AnalyticsPlugin:255 - Accepted CMSIS Pack Licenses: 
2024-06-05 09:41:39,621 [INFO] AnalyticsPlugin:257 - Accepted Firmware Licenses: 
2024-06-05 09:41:39,624 [INFO] PluginManage:359 - Loaded plugin analytics (category:tool,tabindex:-1)
2024-06-05 09:41:39,625 [INFO] PluginManage:310 - Check plugin cadmodel
2024-06-05 09:41:39,633 [INFO] CADModel:105 - Init CAD model plugin
2024-06-05 09:41:39,633 [INFO] PluginManage:359 - Loaded plugin cadmodel (category:power,tabindex:5)
2024-06-05 09:41:39,633 [INFO] PluginManage:310 - Check plugin clock
2024-06-05 09:41:39,651 [INFO] PluginManage:359 - Loaded plugin clock (category:base,tabindex:2)
2024-06-05 09:41:39,651 [INFO] PluginManage:310 - Check plugin ddr
2024-06-05 09:41:39,655 [INFO] PluginManage:359 - Loaded plugin ddr (category:tool,tabindex:6)
2024-06-05 09:41:39,655 [INFO] PluginManage:310 - Check plugin filemanager
2024-06-05 09:41:39,898 [INFO] PluginManage:359 - Loaded plugin filemanager (category:base,tabindex:10)
2024-06-05 09:41:39,898 [INFO] PluginManage:310 - Check plugin ipmanager
2024-06-05 09:41:39,909 [INFO] PluginManage:359 - Loaded plugin ipmanager (category:base,tabindex:5)
2024-06-05 09:41:39,909 [INFO] PluginManage:310 - Check plugin lpbam
2024-06-05 09:41:39,923 [INFO] PluginManage:359 - Loaded plugin lpbam (category:base,tabindex:0)
2024-06-05 09:41:39,924 [INFO] PluginManage:310 - Check plugin memorymap
2024-06-05 09:41:39,945 [INFO] PluginManage:359 - Loaded plugin memorymap (category:base,tabindex:4)
2024-06-05 09:41:39,945 [INFO] PluginManage:310 - Check plugin pinoutandconfiguration
2024-06-05 09:41:39,959 [INFO] PluginManage:359 - Loaded plugin pinoutandconfiguration (category:base,tabindex:1)
2024-06-05 09:41:39,960 [INFO] PluginManage:310 - Check plugin pinoutconfig
2024-06-05 09:41:40,100 [WARN] SupportedApi:132 - Cannot load RTOS API schema: s4s-elt-must-match.1: The content of 'definitions' must match (annotation?, (simpleType | complexType)?, (unique | key | keyref)*)). A problem was found starting at: attribute.
2024-06-05 09:41:40,313 [INFO] PluginManage:359 - Loaded plugin pinoutconfig (category:base,tabindex:0)
2024-06-05 09:41:40,314 [INFO] PluginManage:310 - Check plugin power
2024-06-05 09:41:40,328 [INFO] PluginManage:359 - Loaded plugin power (category:power,tabindex:4)
2024-06-05 09:41:40,328 [INFO] PluginManage:310 - Check plugin projectmanager
2024-06-05 09:41:40,354 [INFO] PluginManage:359 - Loaded plugin projectmanager (category:projectmanager,tabindex:3)
2024-06-05 09:41:40,354 [INFO] PluginManage:310 - Check plugin thirdparty
2024-06-05 09:41:40,549 [INFO] PluginManage:359 - Loaded plugin thirdparty (category:base,tabindex:-1)
2024-06-05 09:41:40,549 [WARN] IntegrityCheckThread:84 - waiting for thirdparty lock release [integrity check]
2024-06-05 09:41:40,550 [INFO] PluginManage:310 - Check plugin tools
2024-06-05 09:41:40,550 [INFO] IntegrityCheckThread:86 - entering critical section [integrity check]
2024-06-05 09:41:40,551 [INFO] ThirdPartyUpdaterWithRetryManager:70 - Updater plugin not ready yet. [1/15]
2024-06-05 09:41:40,554 [INFO] PluginManage:359 - Loaded plugin tools (category:base,tabindex:7)
2024-06-05 09:41:40,554 [INFO] PluginManage:310 - Check plugin tutovideos
2024-06-05 09:41:40,879 [INFO] PluginManage:359 - Loaded plugin tutovideos (category:base,tabindex:-1)
2024-06-05 09:41:40,880 [INFO] PluginManage:310 - Check plugin updater
2024-06-05 09:41:40,899 [INFO] PluginManage:359 - Loaded plugin updater (category:base,tabindex:12)
2024-06-05 09:41:40,900 [INFO] PluginManage:310 - Check plugin userauth
2024-06-05 09:41:40,912 [INFO] UserAuth:114 - Init User Auth plugin
2024-06-05 09:41:40,912 [INFO] PluginManage:359 - Loaded plugin userauth (category:base,tabindex:14)
2024-06-05 09:41:40,913 [INFO] PluginManage:283 - PluginManage : Loaded plugins [17]
2024-06-05 09:41:41,307 [INFO] PinOutPanel:1561 - setPackage(No Configuration,No Configuration)
2024-06-05 09:41:41,419 [INFO] CADModel:165 - CPN selected for project level
2024-06-05 09:41:41,420 [INFO] CADModel:114 - Register for checkConnection events
2024-06-05 09:41:41,445 [INFO] IPUIPlugin:80 - create IPUIPlugin
2024-06-05 09:41:41,445 [INFO] PluginManager:220 - loadIPPluginJar : add adc
2024-06-05 09:41:41,450 [INFO] IPUIPlugin:80 - create IPUIPlugin
2024-06-05 09:41:41,450 [INFO] PluginManager:220 - loadIPPluginJar : add aes
2024-06-05 09:41:41,455 [INFO] IPUIPlugin:80 - create IPUIPlugin
2024-06-05 09:41:41,455 [INFO] PluginManager:220 - loadIPPluginJar : add can
2024-06-05 09:41:41,458 [INFO] IPUIPlugin:80 - create IPUIPlugin
2024-06-05 09:41:41,458 [INFO] PluginManager:220 - loadIPPluginJar : add comp
2024-06-05 09:41:41,462 [INFO] IPUIPlugin:80 - create IPUIPlugin
2024-06-05 09:41:41,462 [INFO] PluginManager:220 - loadIPPluginJar : add cryp
2024-06-05 09:41:41,467 [INFO] IPUIPlugin:80 - create IPUIPlugin
2024-06-05 09:41:41,467 [INFO] PluginManager:220 - loadIPPluginJar : add dfsdm
2024-06-05 09:41:41,475 [INFO] IPUIPlugin:80 - create IPUIPlugin
2024-06-05 09:41:41,475 [INFO] PluginManager:220 - loadIPPluginJar : add dma
2024-06-05 09:41:41,480 [INFO] IPUIPlugin:80 - create IPUIPlugin
2024-06-05 09:41:41,480 [INFO] PluginManager:220 - loadIPPluginJar : add dma3
2024-06-05 09:41:41,485 [INFO] IPUIPlugin:80 - create IPUIPlugin
2024-06-05 09:41:41,485 [INFO] PluginManager:220 - loadIPPluginJar : add extmemmanager
2024-06-05 09:41:41,487 [INFO] IPUIPlugin:80 - create IPUIPlugin
2024-06-05 09:41:41,488 [INFO] PluginManager:220 - loadIPPluginJar : add fatfs
2024-06-05 09:41:41,494 [INFO] IPUIPlugin:80 - create IPUIPlugin
2024-06-05 09:41:41,495 [INFO] PluginManager:220 - loadIPPluginJar : add fmc
2024-06-05 09:41:41,502 [INFO] IPUIPlugin:80 - create IPUIPlugin
2024-06-05 09:41:41,503 [INFO] PluginManager:220 - loadIPPluginJar : add freertos
2024-06-05 09:41:41,505 [INFO] IPUIPlugin:80 - create IPUIPlugin
2024-06-05 09:41:41,506 [INFO] PluginManager:220 - loadIPPluginJar : add genericplugin
2024-06-05 09:41:41,510 [INFO] IPUIPlugin:80 - create IPUIPlugin
2024-06-05 09:41:41,510 [INFO] PluginManager:220 - loadIPPluginJar : add gfxmmu
2024-06-05 09:41:41,517 [INFO] IPUIPlugin:80 - create IPUIPlugin
2024-06-05 09:41:41,517 [INFO] PluginManager:220 - loadIPPluginJar : add gic
2024-06-05 09:41:41,523 [INFO] IPUIPlugin:80 - create IPUIPlugin
2024-06-05 09:41:41,524 [INFO] PluginManager:220 - loadIPPluginJar : add gpio
2024-06-05 09:41:41,528 [INFO] IPUIPlugin:80 - create IPUIPlugin
2024-06-05 09:41:41,528 [INFO] PluginManager:220 - loadIPPluginJar : add gtzc
2024-06-05 09:41:41,533 [INFO] IPUIPlugin:80 - create IPUIPlugin
2024-06-05 09:41:41,533 [INFO] PluginManager:220 - loadIPPluginJar : add hash
2024-06-05 09:41:41,537 [INFO] IPUIPlugin:80 - create IPUIPlugin
2024-06-05 09:41:41,537 [INFO] PluginManager:220 - loadIPPluginJar : add i2c
2024-06-05 09:41:41,542 [INFO] IPUIPlugin:80 - create IPUIPlugin
2024-06-05 09:41:41,542 [INFO] PluginManager:220 - loadIPPluginJar : add i2s
2024-06-05 09:41:41,546 [INFO] IPUIPlugin:80 - create IPUIPlugin
2024-06-05 09:41:41,547 [INFO] PluginManager:220 - loadIPPluginJar : add i3c
2024-06-05 09:41:41,551 [INFO] IPUIPlugin:80 - create IPUIPlugin
2024-06-05 09:41:41,551 [INFO] PluginManager:220 - loadIPPluginJar : add ipddr
2024-06-05 09:41:41,561 [INFO] IPUIPlugin:80 - create IPUIPlugin
2024-06-05 09:41:41,561 [INFO] PluginManager:220 - loadIPPluginJar : add linkedlist
2024-06-05 09:41:41,566 [INFO] IPUIPlugin:80 - create IPUIPlugin
2024-06-05 09:41:41,566 [INFO] PluginManager:220 - loadIPPluginJar : add lorawan
2024-06-05 09:41:41,568 [INFO] IPUIPlugin:80 - create IPUIPlugin
2024-06-05 09:41:41,568 [INFO] PluginManager:220 - loadIPPluginJar : add ltdc
2024-06-05 09:41:41,577 [INFO] IPUIPlugin:80 - create IPUIPlugin
2024-06-05 09:41:41,577 [INFO] PluginManager:220 - loadIPPluginJar : add mdma
2024-06-05 09:41:41,582 [INFO] IPUIPlugin:80 - create IPUIPlugin
2024-06-05 09:41:41,582 [INFO] PluginManager:220 - loadIPPluginJar : add nvic
2024-06-05 09:41:41,587 [INFO] IPUIPlugin:80 - create IPUIPlugin
2024-06-05 09:41:41,587 [INFO] PluginManager:220 - loadIPPluginJar : add opamp
2024-06-05 09:41:41,592 [INFO] IPUIPlugin:80 - create IPUIPlugin
2024-06-05 09:41:41,592 [INFO] PluginManager:220 - loadIPPluginJar : add openamp
2024-06-05 09:41:41,598 [INFO] IPUIPlugin:80 - create IPUIPlugin
2024-06-05 09:41:41,598 [INFO] PluginManager:220 - loadIPPluginJar : add pdm2pcm
2024-06-05 09:41:41,607 [INFO] IPUIPlugin:80 - create IPUIPlugin
2024-06-05 09:41:41,612 [INFO] PluginManager:220 - loadIPPluginJar : add plateformsettings
2024-06-05 09:41:41,615 [INFO] IPUIPlugin:80 - create IPUIPlugin
2024-06-05 09:41:41,615 [INFO] PluginManager:220 - loadIPPluginJar : add quadspi
2024-06-05 09:41:41,621 [INFO] IPUIPlugin:80 - create IPUIPlugin
2024-06-05 09:41:41,622 [INFO] PluginManager:220 - loadIPPluginJar : add resmgrutility
2024-06-05 09:41:41,627 [INFO] IPUIPlugin:80 - create IPUIPlugin
2024-06-05 09:41:41,627 [INFO] PluginManager:220 - loadIPPluginJar : add sai
2024-06-05 09:41:41,631 [INFO] IPUIPlugin:80 - create IPUIPlugin
2024-06-05 09:41:41,631 [INFO] PluginManager:220 - loadIPPluginJar : add spi
2024-06-05 09:41:41,638 [INFO] IPUIPlugin:80 - create IPUIPlugin
2024-06-05 09:41:41,638 [INFO] PluginManager:220 - loadIPPluginJar : add stm32_wpan
2024-06-05 09:41:41,641 [INFO] IPUIPlugin:80 - create IPUIPlugin
2024-06-05 09:41:41,642 [INFO] PluginManager:220 - loadIPPluginJar : add tim
2024-06-05 09:41:41,647 [INFO] IPUIPlugin:80 - create IPUIPlugin
2024-06-05 09:41:41,647 [INFO] PluginManager:220 - loadIPPluginJar : add touchsensing
2024-06-05 09:41:41,650 [INFO] IPUIPlugin:80 - create IPUIPlugin
2024-06-05 09:41:41,651 [INFO] PluginManager:220 - loadIPPluginJar : add tracer_emb
2024-06-05 09:41:41,654 [INFO] IPUIPlugin:80 - create IPUIPlugin
2024-06-05 09:41:41,654 [INFO] PluginManager:220 - loadIPPluginJar : add ts
2024-06-05 09:41:41,657 [INFO] IPUIPlugin:80 - create IPUIPlugin
2024-06-05 09:41:41,657 [INFO] PluginManager:220 - loadIPPluginJar : add tsc
2024-06-05 09:41:41,660 [INFO] IPUIPlugin:80 - create IPUIPlugin
2024-06-05 09:41:41,661 [INFO] PluginManager:220 - loadIPPluginJar : add ucpd
2024-06-05 09:41:41,665 [INFO] IPUIPlugin:80 - create IPUIPlugin
2024-06-05 09:41:41,665 [INFO] PluginManager:220 - loadIPPluginJar : add usart
2024-06-05 09:41:41,670 [INFO] IPUIPlugin:80 - create IPUIPlugin
2024-06-05 09:41:41,670 [INFO] PluginManager:220 - loadIPPluginJar : add usbx
2024-06-05 09:41:41,831 [INFO] CADModel:165 - CPN selected for project level
2024-06-05 09:41:41,831 [INFO] CADModel:114 - Register for checkConnection events
2024-06-05 09:41:41,831 [FATAL] Updater:308 - Updater called before beeing initialized
2024-06-05 09:41:41,831 [ERROR] CADModel:125 - Updater not yet initialized, retry later 
2024-06-05 09:41:42,039 [INFO] CADModel:165 - CPN selected for project level
2024-06-05 09:41:42,039 [INFO] CADModel:114 - Register for checkConnection events
2024-06-05 09:41:42,039 [FATAL] Updater:308 - Updater called before beeing initialized
2024-06-05 09:41:42,039 [ERROR] CADModel:125 - Updater not yet initialized, retry later 
2024-06-05 09:41:42,043 [FATAL] Updater:308 - Updater called before beeing initialized
2024-06-05 09:41:42,199 [FATAL] Updater:308 - Updater called before beeing initialized
2024-06-05 09:41:42,205 [INFO] DbMcusAds:53 - JSON generation date=Thu May 16 17:28:00 CST 2024 (1715851680265)
2024-06-05 09:41:42,206 [FATAL] Updater:308 - Updater called before beeing initialized
2024-06-05 09:41:42,273 [WARN] DetailPanel:346 - Failed to get advertising image, set to default
2024-06-05 09:41:42,449 [FATAL] Updater:308 - Updater called before beeing initialized
2024-06-05 09:41:42,451 [FATAL] Updater:308 - Updater called before beeing initialized
2024-06-05 09:41:42,452 [FATAL] Updater:308 - Updater called before beeing initialized
2024-06-05 09:41:42,452 [WARN] DetailPanel:346 - Failed to get advertising image, set to default
2024-06-05 09:41:42,453 [FATAL] Updater:308 - Updater called before beeing initialized
2024-06-05 09:41:42,526 [ERROR] Updater:1120 - MainUpdater not yet initialized. External WinMGr cannot be set.
2024-06-05 09:41:42,529 [INFO] Updater:1056 - Updater Version found : 6.11.1
2024-06-05 09:41:42,556 [INFO] ApplicationProperties:184 - Using Application install path: D:\software\cubeide\STM32CubeIDE_1.15.1\STM32CubeIDE\plugins\com.st.stm32cube.common.mx_6.11.1.202404110753
2024-06-05 09:41:43,417 [INFO] MainUpdater:2873 - connection check result : 10
2024-06-05 09:41:43,418 [INFO] MainUpdater:290 - Updater Check For Update Now.
2024-06-05 09:41:43,418 [INFO] MicroXplorer:498 - Change Database Version : DB.6.0.111
2024-06-05 09:41:43,427 [INFO] McuFinderGlobals:63 - Set McuFinder mode to 2 (CubeIDE integrated)
2024-06-05 09:41:43,434 [INFO] UserAuth:415 - Internet connection configuration mode: 1
2024-06-05 09:41:43,457 [INFO] JxBrowserEngine:152 - Initiate JxBrowser Engine with user profile folder
2024-06-05 09:41:43,552 [WARN] MainUpdater:1194 - Updater busy. Cannot search thirdparties
2024-06-05 09:41:43,552 [INFO] ThirdPartyUpdaterWithRetryManager:96 - Updater plugin is busy. [1/15]
2024-06-05 09:41:43,630 [INFO] CheckServerUpdateThread:120 - End of CheckServer Thread
2024-06-05 09:41:44,478 [INFO] WebApp:161 - Instantiating new browser for Auth
2024-06-05 09:41:45,320 [INFO] WebApp:779 - Register for checkConnection events
2024-06-05 09:41:45,320 [INFO] WebApp:414 - Apply proxy settings
2024-06-05 09:41:45,320 [INFO] WebApp:499 - Chromium requires no authentication
2024-06-05 09:41:45,332 [INFO] WebApp:442 - Direct internet connection detected
2024-06-05 09:41:45,551 [INFO] WebApp:192 - Starting web application
2024-06-05 09:41:45,551 [INFO] WebApp:544 - Web application path used D:\software\cubeide\STM32CubeIDE_1.15.1\STM32CubeIDE\plugins\com.st.stm32cube.common.mx_6.11.1.202404110753\db\plugins\mcufinder\reactClient1\index.html
2024-06-05 09:41:46,797 [WARN] PackLoader:240 - Cannot read IP mode file for STMicroelectronics.FP-SNS-MOTENVWB1.1.4.0
2024-06-05 09:41:46,809 [WARN] PackLoader:240 - Cannot read IP mode file for STMicroelectronics.X-CUBE-SMBUS.2.1.0
2024-06-05 09:41:46,817 [WARN] PackLoader:240 - Cannot read IP mode file for STMicroelectronics.X-CUBE-TOUCHGFX.4.23.2
2024-06-05 09:41:46,860 [WARN] PackLoader:240 - Cannot read IP mode file for STMicroelectronics.X-CUBE-AZRTOS-H7.1.1.0
2024-06-05 09:41:46,896 [WARN] PackLoader:240 - Cannot read IP mode file for STMicroelectronics.X-CUBE-AZRTOS-F7.1.1.0
2024-06-05 09:41:46,907 [WARN] PackLoader:240 - Cannot read IP mode file for STMicroelectronics.FP-SNS-MOTENV1.4.3.2
2024-06-05 09:41:46,919 [WARN] PackLoader:240 - Cannot read IP mode file for STMicroelectronics.X-CUBE-BLE1.6.2.1
2024-06-05 09:41:46,925 [WARN] PackLoader:240 - Cannot read IP mode file for STMicroelectronics.X-CUBE-BLE2.3.2.1
2024-06-05 09:41:46,931 [WARN] PackLoader:240 - Cannot read IP mode file for STMicroelectronics.FP-SNS-FLIGHT1.5.0.2
2024-06-05 09:41:46,941 [WARN] PackLoader:240 - Cannot read IP mode file for STMicroelectronics.X-CUBE-DISPLAY.3.0.0
2024-06-05 09:41:46,952 [WARN] PackLoader:240 - Cannot read IP mode file for STMicroelectronics.X-CUBE-BLE1.7.0.0
2024-06-05 09:41:46,960 [WARN] PackLoader:240 - Cannot read IP mode file for emotas.I-CUBE-CANOPEN.1.3.0
2024-06-05 09:41:46,963 [WARN] PackLoader:240 - Cannot read IP mode file for STMicroelectronics.X-CUBE-TOUCHGFX.4.22.0
2024-06-05 09:41:46,978 [WARN] PackLoader:240 - Cannot read IP mode file for STMicroelectronics.X-CUBE-SUBG2.4.2.0
2024-06-05 09:41:46,996 [WARN] PackLoader:240 - Cannot read IP mode file for STMicroelectronics.X-CUBE-BLEMGR.3.1.0
2024-06-05 09:41:47,013 [WARN] PackLoader:240 - Cannot read IP mode file for STMicroelectronics.FP-SNS-SMARTAG2.1.2.0
2024-06-05 09:41:47,034 [INFO] LogOutputStream:77 - [STDOUT_REDIRECT] 1 : Invalid condition id : UX_CORESTACK_Condition cause : null
2024-06-05 09:41:47,035 [INFO] LogOutputStream:77 - [STDOUT_REDIRECT] 1 : Invalid condition id : UX_CORESTACK_Condition cause : null
2024-06-05 09:41:47,037 [INFO] LogOutputStream:77 - [STDOUT_REDIRECT] 1 : Invalid condition id : UX_CORESTACK_Condition cause : null
2024-06-05 09:41:47,039 [INFO] LogOutputStream:77 - [STDOUT_REDIRECT] 1 : Invalid condition id : UX_CORESTACK_Condition cause : null
2024-06-05 09:41:47,042 [INFO] LogOutputStream:77 - [STDOUT_REDIRECT] 1 : Invalid condition id : UX_CORESTACK_Condition cause : null
2024-06-05 09:41:47,049 [WARN] PackLoader:240 - Cannot read IP mode file for STMicroelectronics.X-CUBE-AZRTOS-WL.2.0.0
2024-06-05 09:41:47,064 [WARN] PackLoader:240 - Cannot read IP mode file for STMicroelectronics.X-CUBE-ALGOBUILD.1.2.1
2024-06-05 09:41:47,073 [WARN] PackLoader:240 - Cannot read IP mode file for STMicroelectronics.FP-SNS-MOTENV1.5.0.0
2024-06-05 09:41:47,091 [WARN] PackLoader:240 - Cannot read IP mode file for WES.I-CUBE-Cesium.1.3.0
2024-06-05 09:41:47,100 [WARN] PackLoader:240 - Cannot read IP mode file for STMicroelectronics.X-CUBE-BLE2.3.3.0
2024-06-05 09:41:47,113 [WARN] PackLoader:240 - Cannot read IP mode file for STMicroelectronics.X-CUBE-TCPP.4.1.0
2024-06-05 09:41:47,129 [WARN] PackLoader:240 - Cannot read IP mode file for STMicroelectronics.X-CUBE-ALGOBUILD.1.3.0
2024-06-05 09:41:47,187 [WARN] PackLoader:240 - Cannot read IP mode file for STMicroelectronics.X-CUBE-AZRTOS-G0.1.1.0
2024-06-05 09:41:47,206 [WARN] PackLoader:240 - Cannot read IP mode file for STMicroelectronics.X-CUBE-SAFEA1.1.2.2
2024-06-05 09:41:47,222 [WARN] PackLoader:240 - Cannot read IP mode file for STMicroelectronics.X-CUBE-NFC4.3.0.0
2024-06-05 09:41:47,308 [WARN] PackLoader:240 - Cannot read IP mode file for SEGGER.I-CUBE-embOS.1.2.0
2024-06-05 09:41:47,396 [WARN] PackLoader:240 - Cannot read IP mode file for wolfSSL.I-CUBE-wolfMQTT.1.18.0
2024-06-05 09:41:47,401 [WARN] PackLoader:240 - Cannot read IP mode file for STMicroelectronics.X-CUBE-TOUCHGFX.4.17.0
2024-06-05 09:41:47,409 [WARN] PackLoader:240 - Cannot read IP mode file for STMicroelectronics.FP-ATR-SIGFOX1.3.2.0
2024-06-05 09:41:47,420 [WARN] PackLoader:240 - Cannot read IP mode file for STMicroelectronics.X-CUBE-EEPRMA1.5.1.0
2024-06-05 09:41:47,434 [WARN] PackLoader:240 - Cannot read IP mode file for ITTIA_DB.I-CUBE-ITTIADB.8.9.0
2024-06-05 09:41:47,482 [WARN] PackLoader:240 - Cannot read IP mode file for SEGGER.I-CUBE-embOS.1.3.1
2024-06-05 09:41:47,575 [WARN] PackLoader:240 - Cannot read IP mode file for STMicroelectronics.X-CUBE-ALGOBUILD.1.4.0
2024-06-05 09:41:47,587 [WARN] PackLoader:240 - Cannot read IP mode file for STMicroelectronics.X-CUBE-GNSS1.6.0.0
2024-06-05 09:41:47,622 [WARN] PackLoader:240 - Cannot read IP mode file for STMicroelectronics.X-CUBE-AZRTOS-F4.1.1.0
2024-06-05 09:41:47,639 [WARN] PackLoader:240 - Cannot read IP mode file for STMicroelectronics.X-CUBE-FREERTOS.1.2.0
2024-06-05 09:41:47,673 [WARN] PackLoader:240 - Cannot read IP mode file for STMicroelectronics.X-CUBE-AZRTOS-L5.2.0.0
2024-06-05 09:41:47,755 [WARN] PackLoader:240 - Cannot read IP mode file for STMicroelectronics.X-CUBE-MEMS1.9.6.0
2024-06-05 09:41:48,017 [WARN] PackLoader:240 - Cannot read IP mode file for STMicroelectronics.X-CUBE-NFC6.3.1.0
2024-06-05 09:41:48,033 [WARN] PackLoader:240 - Cannot read IP mode file for STMicroelectronics.X-CUBE-BLEMGR.2.0.0
2024-06-05 09:41:48,043 [WARN] PackLoader:240 - Cannot read IP mode file for STMicroelectronics.X-CUBE-NFC4.2.0.3
2024-06-05 09:41:48,052 [WARN] PackLoader:240 - Cannot read IP mode file for wolfSSL.I-CUBE-wolfSSL.4.8.0
2024-06-05 09:41:48,058 [WARN] PackLoader:240 - Cannot read IP mode file for STMicroelectronics.X-CUBE-AI.9.0.0
2024-06-05 09:41:48,085 [WARN] ConditionMgr:438 - getConditionDescription Invalid condition id : UX DEVICE CLASS RTOS Condition cause : null
2024-06-05 09:41:48,085 [WARN] ConditionMgr:438 - getConditionDescription Invalid condition id : UX DEVICE CLASS RTOS Condition cause : null
2024-06-05 09:41:48,090 [WARN] PackLoader:240 - Cannot read IP mode file for STMicroelectronics.X-CUBE-AZRTOS-H7.3.1.0
2024-06-05 09:41:48,092 [WARN] ConditionMgr:1039 - genDependencies : Invalid condition id : UX DEVICE CLASS RTOS Condition cause : null
2024-06-05 09:41:48,092 [WARN] ConditionMgr:1039 - genDependencies : Invalid condition id : UX DEVICE CLASS RTOS Condition cause : null
2024-06-05 09:41:48,093 [WARN] ConditionMgr:1039 - genDependencies : Invalid condition id : UX DEVICE CLASS RTOS Condition cause : null
2024-06-05 09:41:48,094 [WARN] ConditionMgr:1039 - genDependencies : Invalid condition id : UX DEVICE CLASS RTOS Condition cause : null
2024-06-05 09:41:48,094 [WARN] ConditionMgr:1039 - genDependencies : Invalid condition id : UX DEVICE CLASS RTOS Condition cause : null
2024-06-05 09:41:48,108 [WARN] PackLoader:240 - Cannot read IP mode file for STMicroelectronics.X-CUBE-SFXS2LP1.3.1.0
2024-06-05 09:41:48,142 [WARN] PackLoader:240 - Cannot read IP mode file for STMicroelectronics.X-CUBE-AZRTOS-F4.1.0.0
2024-06-05 09:41:48,157 [WARN] PackLoader:240 - Cannot read IP mode file for STMicroelectronics.X-CUBE-TOF1.2.0.0
2024-06-05 09:41:48,170 [WARN] PackLoader:240 - Cannot read IP mode file for STMicroelectronics.X-CUBE-NFC7.1.0.1
2024-06-05 09:41:48,180 [WARN] PackLoader:240 - Cannot read IP mode file for STMicroelectronics.X-CUBE-EEPRMA1.4.1.0
2024-06-05 09:41:48,187 [WARN] PackLoader:240 - Cannot read IP mode file for STMicroelectronics.X-CUBE-DISPLAY.1.0.0
2024-06-05 09:41:48,193 [WARN] PackLoader:240 - Cannot read IP mode file for STMicroelectronics.X-CUBE-AI.8.1.0
2024-06-05 09:41:48,236 [WARN] ConditionMgr:438 - getConditionDescription Invalid condition id : LAN8742 Phy interface Condition cause : null
2024-06-05 09:41:48,238 [WARN] PackLoader:240 - Cannot read IP mode file for STMicroelectronics.X-CUBE-AZRTOS-L4.2.0.0
2024-06-05 09:41:48,242 [WARN] ConditionMgr:1039 - genDependencies : Invalid condition id : LAN8742 Phy interface Condition cause : null
2024-06-05 09:41:48,242 [WARN] ConditionMgr:1039 - genDependencies : Invalid condition id : LAN8742 Phy interface Condition cause : null
2024-06-05 09:41:48,244 [WARN] ConditionMgr:1039 - genDependencies : Invalid condition id : LAN8742 Phy interface Condition cause : null
2024-06-05 09:41:48,260 [WARN] PackLoader:240 - Cannot read IP mode file for STMicroelectronics.X-CUBE-SFXS2LP1.4.0.0
2024-06-05 09:41:48,271 [WARN] PackLoader:240 - Cannot read IP mode file for STMicroelectronics.X-CUBE-ISPU.1.1.0
2024-06-05 09:41:48,285 [WARN] PackLoader:240 - Cannot read IP mode file for RoweBots.I-CUBE-UNISONRTOS.5.5.0-4
2024-06-05 09:41:48,308 [WARN] ConditionMgr:438 - getConditionDescription Invalid condition id : UX DEVICE CLASS RTOS Condition cause : null
2024-06-05 09:41:48,308 [WARN] ConditionMgr:438 - getConditionDescription Invalid condition id : UX DEVICE CLASS RTOS Condition cause : null
2024-06-05 09:41:48,313 [WARN] PackLoader:240 - Cannot read IP mode file for STMicroelectronics.X-CUBE-AZRTOS-WB.2.0.0
2024-06-05 09:41:48,314 [WARN] ConditionMgr:1039 - genDependencies : Invalid condition id : UX DEVICE CLASS RTOS Condition cause : null
2024-06-05 09:41:48,314 [WARN] ConditionMgr:1039 - genDependencies : Invalid condition id : UX DEVICE CLASS RTOS Condition cause : null
2024-06-05 09:41:48,315 [WARN] ConditionMgr:1039 - genDependencies : Invalid condition id : UX DEVICE CLASS RTOS Condition cause : null
2024-06-05 09:41:48,316 [WARN] ConditionMgr:1039 - genDependencies : Invalid condition id : UX DEVICE CLASS RTOS Condition cause : null
2024-06-05 09:41:48,316 [WARN] ConditionMgr:1039 - genDependencies : Invalid condition id : UX DEVICE CLASS RTOS Condition cause : null
2024-06-05 09:41:48,383 [WARN] PackLoader:240 - Cannot read IP mode file for STMicroelectronics.X-CUBE-MEMS1.9.0.0
2024-06-05 09:41:48,626 [WARN] PackLoader:240 - Cannot read IP mode file for STMicroelectronics.X-CUBE-SUBG2.5.0.0
2024-06-05 09:41:48,645 [WARN] PackLoader:240 - Cannot read IP mode file for Cesanta.I-CUBE-Mongoose.7.13.0
2024-06-05 09:41:48,663 [WARN] PackLoader:240 - Cannot read IP mode file for STMicroelectronics.X-CUBE-TOF1.3.3.1
2024-06-05 09:41:48,727 [WARN] PackLoader:240 - Cannot read IP mode file for STMicroelectronics.X-CUBE-AZRTOS-G4.2.0.0
2024-06-05 09:41:48,742 [WARN] PackLoader:240 - Cannot read IP mode file for STMicroelectronics.X-CUBE-ISPU.2.0.0
2024-06-05 09:41:48,754 [WARN] PackLoader:240 - Cannot read IP mode file for STMicroelectronics.X-CUBE-ALS.1.0.2
2024-06-05 09:41:48,860 [WARN] PackLoader:240 - Cannot read IP mode file for STMicroelectronics.X-CUBE-MEMS1.10.0.0
2024-06-05 09:41:49,120 [WARN] PackLoader:240 - Cannot read IP mode file for STMicroelectronics.X-CUBE-FREERTOS.1.1.0
2024-06-05 09:41:49,131 [WARN] PackLoader:240 - Cannot read IP mode file for portGmbH.I-Cube-SoM-uGOAL.1.1.0
2024-06-05 09:41:49,138 [WARN] PackLoader:240 - Cannot read IP mode file for STMicroelectronics.X-CUBE-ALS.1.0.1
2024-06-05 09:41:49,145 [WARN] PackLoader:240 - Cannot read IP mode file for STMicroelectronics.X-CUBE-AI.7.0.0
2024-06-05 09:41:49,153 [WARN] PackLoader:240 - Cannot read IP mode file for STMicroelectronics.X-CUBE-EEPRMA1.3.1.0
2024-06-05 09:41:49,190 [WARN] PackLoader:240 - Cannot read IP mode file for STMicroelectronics.X-CUBE-AZRTOS-H7RS.1.0.0
2024-06-05 09:41:49,202 [WARN] PackLoader:240 - Cannot read IP mode file for STMicroelectronics.X-CUBE-GNSS1.5.2.0
2024-06-05 09:41:49,211 [WARN] PackLoader:240 - Cannot read IP mode file for STMicroelectronics.FP-ATR-ASTRA1.2.0.0
2024-06-05 09:41:49,236 [WARN] PackLoader:240 - Cannot read IP mode file for STMicroelectronics.X-CUBE-TOF1.3.4.1
2024-06-05 09:41:49,297 [WARN] PackLoader:240 - Cannot read IP mode file for STMicroelectronics.X-CUBE-AZRTOS-H7.3.2.0
2024-06-05 09:41:49,327 [WARN] PackLoader:240 - Cannot read IP mode file for Infineon.AIROC-Wi-Fi-Bluetooth-STM32.1.6.0
2024-06-05 09:41:49,334 [INFO] ThirdParty:978 - Integrity check success = true
2024-06-05 09:41:49,335 [INFO] IntegrityCheckThread:100 - exiting critical section [integrity check]
2024-06-05 09:41:49,335 [INFO] IntegrityCheckThread:103 - End integrity checks thread
2024-06-05 10:06:16,234 [ERROR] LogOutputStream:75 - [STDERR_REDIRECT] 
2024-06-05 10:06:40,424 [INFO] Activator:176 - 


2024-06-05 10:06:40,428 [INFO] Activator:177 - !SESSION log4j initialized
2024-06-05 10:06:46,361 [ERROR] LogOutputStream:75 - [STDERR_REDIRECT] Warning: NLS unused message: ?????????????????????? in: org.eclipse.ui.views.markers.internal.messages
2024-06-05 10:06:49,562 [ERROR] LogOutputStream:75 - [STDERR_REDIRECT] Warning: NLS unused message: ShowInNavigatorView_label in: org.eclipse.jdt.internal.ui.actions.ActionMessages
2024-06-05 10:06:49,569 [ERROR] LogOutputStream:75 - [STDERR_REDIRECT] Warning: NLS unused message: ShowInNavigatorView_dialog_title in: org.eclipse.jdt.internal.ui.actions.ActionMessages
2024-06-05 10:06:49,574 [ERROR] LogOutputStream:75 - [STDERR_REDIRECT] Warning: NLS unused message: ShowInNavigatorView_dialog_message in: org.eclipse.jdt.internal.ui.actions.ActionMessages
2024-06-05 10:06:49,580 [ERROR] LogOutputStream:75 - [STDERR_REDIRECT] Warning: NLS unused message: ShowInNavigatorView_error_activation_failed in: org.eclipse.jdt.internal.ui.actions.ActionMessages
2024-06-05 10:06:49,586 [ERROR] LogOutputStream:75 - [STDERR_REDIRECT] Warning: NLS unused message: OrganizeImportsAction_error_message in: org.eclipse.jdt.internal.ui.actions.ActionMessages
2024-06-05 10:06:50,015 [INFO] LogOutputStream:77 - [STDOUT_REDIRECT] 
